<?xml version="1.0" encoding="UTF-8"?>
<coverage generated="1777345151155" clover="3.2.0">
  <project timestamp="1777345151155" name="All files">
    <metrics statements="148" coveredstatements="101" conditionals="82" coveredconditionals="35" methods="45" coveredmethods="30" elements="275" coveredelements="166" complexity="0" loc="148" ncloc="148" packages="6" files="17" classes="17"/>
    <package name="components.chat">
      <metrics statements="28" coveredstatements="13" conditionals="37" coveredconditionals="11" methods="12" coveredmethods="5"/>
      <file name="ChatInput.tsx" path="D:\data\code\privacy-policy-compliance-assistant\frontend\src\components\chat\ChatInput.tsx">
        <metrics statements="12" coveredstatements="4" conditionals="10" coveredconditionals="2" methods="4" coveredmethods="1"/>
        <line num="18" count="2" type="stmt"/>
        <line num="20" count="2" type="stmt"/>
        <line num="21" count="0" type="stmt"/>
        <line num="22" count="0" type="cond" truecount="0" falsecount="4"/>
        <line num="23" count="0" type="stmt"/>
        <line num="24" count="0" type="stmt"/>
        <line num="27" count="2" type="stmt"/>
        <line num="28" count="0" type="cond" truecount="0" falsecount="4"/>
        <line num="29" count="0" type="stmt"/>
        <line num="30" count="0" type="stmt"/>
        <line num="34" count="2" type="stmt"/>
        <line num="38" count="0" type="stmt"/>
      </file>
      <file name="CitationCard.tsx" path="D:\data\code\privacy-policy-compliance-assistant\frontend\src\components\chat\CitationCard.tsx">
        <metrics statements="3" coveredstatements="3" conditionals="8" coveredconditionals="8" methods="1" coveredmethods="1"/>
        <line num="23" count="6" type="stmt"/>
        <line num="27" count="6" type="cond" truecount="2" falsecount="0"/>
        <line num="31" count="6" type="stmt"/>
      </file>
      <file name="MessageBubble.tsx" path="D:\data\code\privacy-policy-compliance-assistant\frontend\src\components\chat\MessageBubble.tsx">
        <metrics statements="4" coveredstatements="0" conditionals="14" coveredconditionals="0" methods="2" coveredmethods="0"/>
        <line num="29" count="0" type="cond" truecount="0" falsecount="2"/>
        <line num="30" count="0" type="stmt"/>
        <line num="40" count="0" type="stmt"/>
        <line num="58" count="0" type="stmt"/>
      </file>
      <file name="MessageList.tsx" path="D:\data\code\privacy-policy-compliance-assistant\frontend\src\components\chat\MessageList.tsx">
        <metrics statements="7" coveredstatements="5" conditionals="5" coveredconditionals="1" methods="3" coveredmethods="2"/>
        <line num="17" count="2" type="stmt"/>
        <line num="19" count="2" type="stmt"/>
        <line num="20" count="2" type="stmt"/>
        <line num="23" count="2" type="cond" truecount="1" falsecount="1"/>
        <line num="24" count="2" type="stmt"/>
        <line num="39" count="0" type="stmt"/>
        <line num="43" count="0" type="stmt"/>
      </file>
      <file name="NoMatchMessage.tsx" path="D:\data\code\privacy-policy-compliance-assistant\frontend\src\components\chat\NoMatchMessage.tsx">
        <metrics statements="1" coveredstatements="1" conditionals="0" coveredconditionals="0" methods="1" coveredmethods="1"/>
        <line num="8" count="2" type="stmt"/>
      </file>
      <file name="StreamingCursor.tsx" path="D:\data\code\privacy-policy-compliance-assistant\frontend\src\components\chat\StreamingCursor.tsx">
        <metrics statements="1" coveredstatements="0" conditionals="0" coveredconditionals="0" methods="1" coveredmethods="0"/>
        <line num="8" count="0" type="stmt"/>
      </file>
    </package>
    <package name="components.layout">
      <metrics statements="4" coveredstatements="4" conditionals="2" coveredconditionals="2" methods="2" coveredmethods="2"/>
      <file name="Header.tsx" path="D:\data\code\privacy-policy-compliance-assistant\frontend\src\components\layout\Header.tsx">
        <metrics statements="1" coveredstatements="1" conditionals="0" coveredconditionals="0" methods="1" coveredmethods="1"/>
        <line num="16" count="2" type="stmt"/>
      </file>
      <file name="ProtectedRoute.tsx" path="D:\data\code\privacy-policy-compliance-assistant\frontend\src\components\layout\ProtectedRoute.tsx">
        <metrics statements="3" coveredstatements="3" conditionals="2" coveredconditionals="2" methods="1" coveredmethods="1"/>
        <line num="14" count="2" type="stmt"/>
        <line num="15" count="2" type="cond" truecount="2" falsecount="0"/>
        <line num="16" count="1" type="stmt"/>
      </file>
    </package>
    <package name="components.ui">
      <metrics statements="7" coveredstatements="7" conditionals="5" coveredconditionals="4" methods="5" coveredmethods="5"/>
      <file name="button.tsx" path="D:\data\code\privacy-policy-compliance-assistant\frontend\src\components\ui\button.tsx">
        <metrics statements="3" coveredstatements="3" conditionals="5" coveredconditionals="4" methods="1" coveredmethods="1"/>
        <line num="7" count="1" type="stmt"/>
        <line num="51" count="4" type="cond" truecount="1" falsecount="1"/>
        <line num="53" count="4" type="stmt"/>
      </file>
      <file name="collapsible.tsx" path="D:\data\code\privacy-policy-compliance-assistant\frontend\src\components\ui\collapsible.tsx">
        <metrics statements="3" coveredstatements="3" conditionals="0" coveredconditionals="0" methods="3" coveredmethods="3"/>
        <line num="6" count="6" type="stmt"/>
        <line num="12" count="6" type="stmt"/>
        <line num="23" count="6" type="stmt"/>
      </file>
      <file name="input.tsx" path="D:\data\code\privacy-policy-compliance-assistant\frontend\src\components\ui\input.tsx">
        <metrics statements="1" coveredstatements="1" conditionals="0" coveredconditionals="0" methods="1" coveredmethods="1"/>
        <line num="6" count="2" type="stmt"/>
      </file>
    </package>
    <package name="hooks">
      <metrics statements="75" coveredstatements="61" conditionals="32" coveredconditionals="17" methods="14" coveredmethods="10"/>
      <file name="useAuth.ts" path="D:\data\code\privacy-policy-compliance-assistant\frontend\src\hooks\useAuth.ts">
        <metrics statements="18" coveredstatements="18" conditionals="4" coveredconditionals="3" methods="5" coveredmethods="4"/>
        <line num="14" count="9" type="stmt"/>
        <line num="16" count="9" type="stmt"/>
        <line num="17" count="2" type="stmt"/>
        <line num="18" count="2" type="cond" truecount="2" falsecount="0"/>
        <line num="19" count="1" type="stmt"/>
        <line num="21" count="1" type="stmt"/>
        <line num="22" count="1" type="stmt"/>
        <line num="23" count="1" type="stmt"/>
        <line num="26" count="9" type="stmt"/>
        <line num="27" count="2" type="stmt"/>
        <line num="28" count="2" type="cond" truecount="1" falsecount="1"/>
        <line num="30" count="2" type="stmt"/>
        <line num="32" count="2" type="stmt"/>
        <line num="33" count="2" type="stmt"/>
        <line num="40" count="9" type="stmt"/>
        <line num="41" count="1" type="stmt"/>
        <line num="42" count="1" type="stmt"/>
        <line num="45" count="9" type="stmt"/>
      </file>
      <file name="useSSEChat.ts" path="D:\data\code\privacy-policy-compliance-assistant\frontend\src\hooks\useSSEChat.ts">
        <metrics statements="57" coveredstatements="43" conditionals="28" coveredconditionals="14" methods="9" coveredmethods="6"/>
        <line num="33" count="4" type="stmt"/>
        <line num="34" count="4" type="stmt"/>
        <line num="35" count="4" type="stmt"/>
        <line num="37" count="4" type="stmt"/>
        <line num="38" count="8" type="stmt"/>
        <line num="39" count="8" type="cond" truecount="2" falsecount="0"/>
        <line num="40" count="4" type="stmt"/>
        <line num="43" count="4" type="stmt"/>
        <line num="44" count="4" type="cond" truecount="1" falsecount="1"/>
        <line num="46" count="8" type="stmt"/>
        <line num="47" count="7" type="stmt"/>
        <line num="48" count="7" type="cond" truecount="1" falsecount="1"/>
        <line num="49" count="7" type="stmt"/>
        <line num="50" count="7" type="cond" truecount="1" falsecount="1"/>
        <line num="65" count="9" type="stmt"/>
        <line num="66" count="9" type="stmt"/>
        <line num="68" count="9" type="stmt"/>
        <line num="70" count="4" type="cond" truecount="1" falsecount="1"/>
        <line num="74" count="4" type="stmt"/>
        <line num="80" count="4" type="stmt"/>
        <line num="82" count="4" type="stmt"/>
        <line num="88" count="4" type="stmt"/>
        <line num="89" count="4" type="stmt"/>
        <line num="91" count="4" type="stmt"/>
        <line num="92" count="4" type="stmt"/>
        <line num="102" count="4" type="cond" truecount="1" falsecount="1"/>
        <line num="104" count="0" type="stmt"/>
        <line num="107" count="4" type="stmt"/>
        <line num="108" count="7" type="stmt"/>
        <line num="116" count="7" type="cond" truecount="4" falsecount="0"/>
        <line num="117" count="3" type="stmt"/>
        <line num="118" count="3" type="stmt"/>
        <line num="119" count="3" type="stmt"/>
        <line num="120" count="3" type="stmt"/>
        <line num="124" count="3" type="stmt"/>
        <line num="126" count="4" type="cond" truecount="1" falsecount="1"/>
        <line num="127" count="4" type="cond" truecount="1" falsecount="1"/>
        <line num="128" count="4" type="stmt"/>
        <line num="129" count="4" type="stmt"/>
        <line num="130" count="4" type="stmt"/>
        <line num="131" count="4" type="stmt"/>
        <line num="137" count="4" type="stmt"/>
        <line num="139" count="4" type="stmt"/>
        <line num="140" count="0" type="cond" truecount="0" falsecount="2"/>
        <line num="142" count="0" type="stmt"/>
        <line num="143" count="0" type="stmt"/>
        <line num="144" count="0" type="stmt"/>
        <line num="150" count="0" type="stmt"/>
        <line num="152" count="0" type="stmt"/>
        <line num="157" count="0" type="stmt"/>
        <line num="158" count="0" type="stmt"/>
        <line num="159" count="0" type="stmt"/>
        <line num="160" count="0" type="cond" truecount="0" falsecount="4"/>
        <line num="161" count="0" type="stmt"/>
        <line num="168" count="0" type="stmt"/>
        <line num="170" count="0" type="stmt"/>
        <line num="176" count="9" type="stmt"/>
      </file>
    </package>
    <package name="lib">
      <metrics statements="29" coveredstatements="12" conditionals="6" coveredconditionals="1" methods="10" coveredmethods="7"/>
      <file name="api.ts" path="D:\data\code\privacy-policy-compliance-assistant\frontend\src\lib\api.ts">
        <metrics statements="20" coveredstatements="5" conditionals="6" coveredconditionals="1" methods="4" coveredmethods="3"/>
        <line num="6" count="2" type="stmt"/>
        <line num="21" count="4" type="stmt"/>
        <line num="29" count="4" type="cond" truecount="1" falsecount="1"/>
        <line num="31" count="0" type="cond" truecount="0" falsecount="2"/>
        <line num="32" count="0" type="stmt"/>
        <line num="33" count="0" type="stmt"/>
        <line num="36" count="0" type="stmt"/>
        <line num="37" count="0" type="stmt"/>
        <line num="38" count="0" type="stmt"/>
        <line num="39" count="0" type="stmt"/>
        <line num="44" count="0" type="cond" truecount="0" falsecount="2"/>
        <line num="45" count="0" type="stmt"/>
        <line num="46" count="0" type="stmt"/>
        <line num="48" count="0" type="stmt"/>
        <line num="49" count="0" type="stmt"/>
        <line num="51" count="0" type="stmt"/>
        <line num="55" count="0" type="stmt"/>
        <line num="70" count="2" type="stmt"/>
        <line num="78" count="0" type="stmt"/>
        <line num="88" count="2" type="stmt"/>
      </file>
      <file name="tokens.ts" path="D:\data\code\privacy-policy-compliance-assistant\frontend\src\lib\tokens.ts">
        <metrics statements="8" coveredstatements="6" conditionals="0" coveredconditionals="0" methods="5" coveredmethods="3"/>
        <line num="4" count="2" type="stmt"/>
        <line num="5" count="6" type="stmt"/>
        <line num="6" count="0" type="stmt"/>
        <line num="8" count="0" type="stmt"/>
        <line num="11" count="1" type="stmt"/>
        <line num="12" count="1" type="stmt"/>
        <line num="15" count="3" type="stmt"/>
        <line num="16" count="3" type="stmt"/>
      </file>
      <file name="utils.ts" path="D:\data\code\privacy-policy-compliance-assistant\frontend\src\lib\utils.ts">
        <metrics statements="1" coveredstatements="1" conditionals="0" coveredconditionals="0" methods="1" coveredmethods="1"/>
        <line num="5" count="18" type="stmt"/>
      </file>
    </package>
    <package name="pages">
      <metrics statements="5" coveredstatements="4" conditionals="0" coveredconditionals="0" methods="2" coveredmethods="1"/>
      <file name="ChatPage.tsx" path="D:\data\code\privacy-policy-compliance-assistant\frontend\src\pages\ChatPage.tsx">
        <metrics statements="5" coveredstatements="4" conditionals="0" coveredconditionals="0" methods="2" coveredmethods="1"/>
        <line num="14" count="2" type="stmt"/>
        <line num="15" count="2" type="stmt"/>
        <line num="17" count="2" type="stmt"/>
        <line num="18" count="0" type="stmt"/>
        <line num="21" count="2" type="stmt"/>
      </file>
    </package>
  </project>
</coverage>
