{"D:\\data\\code\\privacy-policy-compliance-assistant\\frontend\\src\\components\\chat\\ChatInput.tsx": {"path":"D:\\data\\code\\privacy-policy-compliance-assistant\\frontend\\src\\components\\chat\\ChatInput.tsx","statementMap":{"0":{"start":{"line":18,"column":16},"end":{"line":18,"column":40}},"1":{"start":{"line":20,"column":8},"end":{"line":24,"column":null}},"2":{"start":{"line":21,"column":20},"end":{"line":21,"column":32}},"3":{"start":{"line":22,"column":4},"end":{"line":22,"column":null}},"4":{"start":{"line":22,"column":33},"end":{"line":22,"column":null}},"5":{"start":{"line":23,"column":4},"end":{"line":23,"column":null}},"6":{"start":{"line":24,"column":4},"end":{"line":24,"column":null}},"7":{"start":{"line":27,"column":8},"end":{"line":30,"column":null}},"8":{"start":{"line":28,"column":4},"end":{"line":30,"column":null}},"9":{"start":{"line":29,"column":6},"end":{"line":29,"column":null}},"10":{"start":{"line":30,"column":6},"end":{"line":30,"column":null}},"11":{"start":{"line":34,"column":2},"end":{"line":51,"column":null}},"12":{"start":{"line":38,"column":25},"end":{"line":38,"column":49}}},"fnMap":{"0":{"name":"ChatInput","decl":{"start":{"line":17,"column":16},"end":{"line":17,"column":26}},"loc":{"start":{"line":17,"column":69},"end":{"line":51,"column":null}},"line":17},"1":{"name":"(anonymous_1)","decl":{"start":{"line":20,"column":8},"end":{"line":20,"column":29}},"loc":{"start":{"line":20,"column":29},"end":{"line":24,"column":null}},"line":20},"2":{"name":"(anonymous_2)","decl":{"start":{"line":27,"column":8},"end":{"line":27,"column":25}},"loc":{"start":{"line":27,"column":70},"end":{"line":30,"column":null}},"line":27},"3":{"name":"(anonymous_3)","decl":{"start":{"line":38,"column":8},"end":{"line":38,"column":19}},"loc":{"start":{"line":38,"column":25},"end":{"line":38,"column":49}},"line":38}},"branchMap":{"0":{"loc":{"start":{"line":22,"column":4},"end":{"line":22,"column":null}},"type":"if","locations":[{"start":{"line":22,"column":4},"end":{"line":22,"column":null}},{"start":{},"end":{}}],"line":22},"1":{"loc":{"start":{"line":22,"column":8},"end":{"line":22,"column":33}},"type":"binary-expr","locations":[{"start":{"line":22,"column":8},"end":{"line":22,"column":20}},{"start":{"line":22,"column":20},"end":{"line":22,"column":33}}],"line":22},"2":{"loc":{"start":{"line":28,"column":4},"end":{"line":30,"column":null}},"type":"if","locations":[{"start":{"line":28,"column":4},"end":{"line":30,"column":null}},{"start":{},"end":{}}],"line":28},"3":{"loc":{"start":{"line":28,"column":8},"end":{"line":28,"column":42}},"type":"binary-expr","locations":[{"start":{"line":28,"column":8},"end":{"line":28,"column":29}},{"start":{"line":28,"column":29},"end":{"line":28,"column":42}}],"line":28},"4":{"loc":{"start":{"line":47,"column":18},"end":{"line":47,"column":46}},"type":"binary-expr","locations":[{"start":{"line":47,"column":18},"end":{"line":47,"column":33}},{"start":{"line":47,"column":33},"end":{"line":47,"column":46}}],"line":47}},"s":{"0":2,"1":2,"2":0,"3":0,"4":0,"5":0,"6":0,"7":2,"8":0,"9":0,"10":0,"11":2,"12":0},"f":{"0":2,"1":0,"2":0,"3":0},"b":{"0":[0,0],"1":[0,0],"2":[0,0],"3":[0,0],"4":[2,2]},"meta":{"lastBranch":5,"lastFunction":4,"lastStatement":13,"seen":{"f:17:16:17:26":0,"s:18:16:18:40":0,"s:20:8:24:Infinity":1,"f:20:8:20:29":1,"s:21:20:21:32":2,"b:22:4:22:Infinity:undefined:undefined:undefined:undefined":0,"s:22:4:22:Infinity":3,"b:22:8:22:20:22:20:22:33":1,"s:22:33:22:Infinity":4,"s:23:4:23:Infinity":5,"s:24:4:24:Infinity":6,"s:27:8:30:Infinity":7,"f:27:8:27:25":2,"b:28:4:30:Infinity:undefined:undefined:undefined:undefined":2,"s:28:4:30:Infinity":8,"b:28:8:28:29:28:29:28:42":3,"s:29:6:29:Infinity":9,"s:30:6:30:Infinity":10,"s:34:2:51:Infinity":11,"f:38:8:38:19":3,"s:38:25:38:49":12,"b:47:18:47:33:47:33:47:46":4}}}
,"D:\\data\\code\\privacy-policy-compliance-assistant\\frontend\\src\\components\\chat\\CitationCard.tsx": {"path":"D:\\data\\code\\privacy-policy-compliance-assistant\\frontend\\src\\components\\chat\\CitationCard.tsx","statementMap":{"0":{"start":{"line":23,"column":17},"end":{"line":23,"column":45}},"1":{"start":{"line":27,"column":4},"end":{"line":29,"column":null}},"2":{"start":{"line":31,"column":2},"end":{"line":73,"column":null}}},"fnMap":{"0":{"name":"CitationCard","decl":{"start":{"line":22,"column":16},"end":{"line":22,"column":29}},"loc":{"start":{"line":22,"column":62},"end":{"line":73,"column":null}},"line":22}},"branchMap":{"0":{"loc":{"start":{"line":27,"column":4},"end":{"line":29,"column":null}},"type":"cond-expr","locations":[{"start":{"line":28,"column":8},"end":{"line":28,"column":null}},{"start":{"line":29,"column":8},"end":{"line":29,"column":null}}],"line":27},"1":{"loc":{"start":{"line":38,"column":10},"end":{"line":38,"column":null}},"type":"binary-expr","locations":[{"start":{"line":38,"column":10},"end":{"line":38,"column":20}},{"start":{"line":38,"column":20},"end":{"line":38,"column":null}}],"line":38},"2":{"loc":{"start":{"line":40,"column":20},"end":{"line":40,"column":null}},"type":"cond-expr","locations":[{"start":{"line":40,"column":29},"end":{"line":40,"column":51}},{"start":{"line":40,"column":51},"end":{"line":40,"column":null}}],"line":40},"3":{"loc":{"start":{"line":61,"column":12},"end":{"line":61,"column":null}},"type":"binary-expr","locations":[{"start":{"line":61,"column":12},"end":{"line":61,"column":22}},{"start":{"line":61,"column":22},"end":{"line":61,"column":null}}],"line":61}},"s":{"0":6,"1":6,"2":6},"f":{"0":6},"b":{"0":[5,1],"1":[6,1],"2":[1,5],"3":[6,1]},"meta":{"lastBranch":4,"lastFunction":1,"lastStatement":3,"seen":{"f:22:16:22:29":0,"s:23:17:23:45":0,"s:27:4:29:Infinity":1,"b:28:8:28:Infinity:29:8:29:Infinity":0,"s:31:2:73:Infinity":2,"b:38:10:38:20:38:20:38:Infinity":1,"b:40:29:40:51:40:51:40:Infinity":2,"b:61:12:61:22:61:22:61:Infinity":3}}}
,"D:\\data\\code\\privacy-policy-compliance-assistant\\frontend\\src\\components\\chat\\MessageBubble.tsx": {"path":"D:\\data\\code\\privacy-policy-compliance-assistant\\frontend\\src\\components\\chat\\MessageBubble.tsx","statementMap":{"0":{"start":{"line":29,"column":2},"end":{"line":35,"column":null}},"1":{"start":{"line":30,"column":4},"end":{"line":35,"column":null}},"2":{"start":{"line":40,"column":2},"end":{"line":60,"column":null}},"3":{"start":{"line":58,"column":12},"end":{"line":58,"column":null}}},"fnMap":{"0":{"name":"MessageBubble","decl":{"start":{"line":22,"column":16},"end":{"line":22,"column":30}},"loc":{"start":{"line":28,"column":23},"end":{"line":60,"column":null}},"line":28},"1":{"name":"(anonymous_1)","decl":{"start":{"line":57,"column":21},"end":{"line":57,"column":26}},"loc":{"start":{"line":58,"column":12},"end":{"line":58,"column":null}},"line":58}},"branchMap":{"0":{"loc":{"start":{"line":25,"column":2},"end":{"line":25,"column":16}},"type":"default-arg","locations":[{"start":{"line":25,"column":14},"end":{"line":25,"column":16}}],"line":25},"1":{"loc":{"start":{"line":26,"column":2},"end":{"line":26,"column":null}},"type":"default-arg","locations":[{"start":{"line":26,"column":16},"end":{"line":26,"column":null}}],"line":26},"2":{"loc":{"start":{"line":27,"column":2},"end":{"line":27,"column":null}},"type":"default-arg","locations":[{"start":{"line":27,"column":14},"end":{"line":27,"column":null}}],"line":27},"3":{"loc":{"start":{"line":29,"column":2},"end":{"line":35,"column":null}},"type":"if","locations":[{"start":{"line":29,"column":2},"end":{"line":35,"column":null}},{"start":{},"end":{}}],"line":29},"4":{"loc":{"start":{"line":45,"column":9},"end":{"line":45,"column":null}},"type":"binary-expr","locations":[{"start":{"line":45,"column":9},"end":{"line":45,"column":24}},{"start":{"line":45,"column":24},"end":{"line":45,"column":null}}],"line":45},"5":{"loc":{"start":{"line":49,"column":7},"end":{"line":49,"column":null}},"type":"binary-expr","locations":[{"start":{"line":49,"column":7},"end":{"line":49,"column":20}},{"start":{"line":49,"column":20},"end":{"line":49,"column":36}},{"start":{"line":49,"column":36},"end":{"line":49,"column":null}}],"line":49},"6":{"loc":{"start":{"line":52,"column":7},"end":{"line":60,"column":null}},"type":"binary-expr","locations":[{"start":{"line":52,"column":7},"end":{"line":52,"column":21}},{"start":{"line":52,"column":21},"end":{"line":52,"column":37}},{"start":{"line":52,"column":37},"end":{"line":52,"column":null}},{"start":{"line":53,"column":8},"end":{"line":60,"column":null}}],"line":52}},"s":{"0":0,"1":0,"2":0,"3":0},"f":{"0":0,"1":0},"b":{"0":[0],"1":[0],"2":[0],"3":[0,0],"4":[0,0],"5":[0,0,0],"6":[0,0,0,0]},"meta":{"lastBranch":7,"lastFunction":2,"lastStatement":4,"seen":{"f:22:16:22:30":0,"b:25:14:25:16":0,"b:26:16:26:Infinity":1,"b:27:14:27:Infinity":2,"b:29:2:35:Infinity:undefined:undefined:undefined:undefined":3,"s:29:2:35:Infinity":0,"s:30:4:35:Infinity":1,"s:40:2:60:Infinity":2,"b:45:9:45:24:45:24:45:Infinity":4,"b:49:7:49:20:49:20:49:36:49:36:49:Infinity":5,"b:52:7:52:21:52:21:52:37:52:37:52:Infinity:53:8:60:Infinity":6,"f:57:21:57:26":1,"s:58:12:58:Infinity":3}}}
,"D:\\data\\code\\privacy-policy-compliance-assistant\\frontend\\src\\components\\chat\\MessageList.tsx": {"path":"D:\\data\\code\\privacy-policy-compliance-assistant\\frontend\\src\\components\\chat\\MessageList.tsx","statementMap":{"0":{"start":{"line":17,"column":8},"end":{"line":17,"column":48}},"1":{"start":{"line":19,"column":2},"end":{"line":21,"column":null}},"2":{"start":{"line":20,"column":4},"end":{"line":20,"column":null}},"3":{"start":{"line":23,"column":2},"end":{"line":33,"column":null}},"4":{"start":{"line":24,"column":4},"end":{"line":33,"column":null}},"5":{"start":{"line":39,"column":2},"end":{"line":60,"column":null}},"6":{"start":{"line":43,"column":10},"end":{"line":55,"column":null}}},"fnMap":{"0":{"name":"MessageList","decl":{"start":{"line":16,"column":16},"end":{"line":16,"column":28}},"loc":{"start":{"line":16,"column":73},"end":{"line":60,"column":null}},"line":16},"1":{"name":"(anonymous_1)","decl":{"start":{"line":19,"column":2},"end":{"line":19,"column":18}},"loc":{"start":{"line":19,"column":18},"end":{"line":21,"column":6}},"line":19},"2":{"name":"(anonymous_2)","decl":{"start":{"line":42,"column":18},"end":{"line":42,"column":23}},"loc":{"start":{"line":43,"column":10},"end":{"line":55,"column":null}},"line":43}},"branchMap":{"0":{"loc":{"start":{"line":23,"column":2},"end":{"line":33,"column":null}},"type":"if","locations":[{"start":{"line":23,"column":2},"end":{"line":33,"column":null}},{"start":{},"end":{}}],"line":23},"1":{"loc":{"start":{"line":49,"column":14},"end":{"line":51,"column":null}},"type":"binary-expr","locations":[{"start":{"line":49,"column":14},"end":{"line":49,"column":null}},{"start":{"line":50,"column":14},"end":{"line":50,"column":null}},{"start":{"line":51,"column":14},"end":{"line":51,"column":null}}],"line":49}},"s":{"0":2,"1":2,"2":2,"3":2,"4":2,"5":0,"6":0},"f":{"0":2,"1":2,"2":0},"b":{"0":[2,0],"1":[0,0,0]},"meta":{"lastBranch":2,"lastFunction":3,"lastStatement":7,"seen":{"f:16:16:16:28":0,"s:17:8:17:48":0,"s:19:2:21:Infinity":1,"f:19:2:19:18":1,"s:20:4:20:Infinity":2,"b:23:2:33:Infinity:undefined:undefined:undefined:undefined":0,"s:23:2:33:Infinity":3,"s:24:4:33:Infinity":4,"s:39:2:60:Infinity":5,"f:42:18:42:23":2,"s:43:10:55:Infinity":6,"b:49:14:49:Infinity:50:14:50:Infinity:51:14:51:Infinity":1}}}
,"D:\\data\\code\\privacy-policy-compliance-assistant\\frontend\\src\\components\\chat\\NoMatchMessage.tsx": {"path":"D:\\data\\code\\privacy-policy-compliance-assistant\\frontend\\src\\components\\chat\\NoMatchMessage.tsx","statementMap":{"0":{"start":{"line":8,"column":2},"end":{"line":25,"column":null}}},"fnMap":{"0":{"name":"NoMatchMessage","decl":{"start":{"line":7,"column":16},"end":{"line":7,"column":33}},"loc":{"start":{"line":7,"column":33},"end":{"line":25,"column":null}},"line":7}},"branchMap":{},"s":{"0":2},"f":{"0":2},"b":{},"meta":{"lastBranch":0,"lastFunction":1,"lastStatement":1,"seen":{"f:7:16:7:33":0,"s:8:2:25:Infinity":0}}}
,"D:\\data\\code\\privacy-policy-compliance-assistant\\frontend\\src\\components\\chat\\StreamingCursor.tsx": {"path":"D:\\data\\code\\privacy-policy-compliance-assistant\\frontend\\src\\components\\chat\\StreamingCursor.tsx","statementMap":{"0":{"start":{"line":8,"column":2},"end":{"line":15,"column":null}}},"fnMap":{"0":{"name":"StreamingCursor","decl":{"start":{"line":7,"column":16},"end":{"line":7,"column":34}},"loc":{"start":{"line":7,"column":34},"end":{"line":15,"column":null}},"line":7}},"branchMap":{},"s":{"0":0},"f":{"0":0},"b":{},"meta":{"lastBranch":0,"lastFunction":1,"lastStatement":1,"seen":{"f:7:16:7:34":0,"s:8:2:15:Infinity":0}}}
,"D:\\data\\code\\privacy-policy-compliance-assistant\\frontend\\src\\components\\layout\\Header.tsx": {"path":"D:\\data\\code\\privacy-policy-compliance-assistant\\frontend\\src\\components\\layout\\Header.tsx","statementMap":{"0":{"start":{"line":16,"column":2},"end":{"line":30,"column":null}}},"fnMap":{"0":{"name":"Header","decl":{"start":{"line":15,"column":16},"end":{"line":15,"column":23}},"loc":{"start":{"line":15,"column":50},"end":{"line":30,"column":null}},"line":15}},"branchMap":{},"s":{"0":2},"f":{"0":2},"b":{},"meta":{"lastBranch":0,"lastFunction":1,"lastStatement":1,"seen":{"f:15:16:15:23":0,"s:16:2:30:Infinity":0}}}
,"D:\\data\\code\\privacy-policy-compliance-assistant\\frontend\\src\\components\\layout\\ProtectedRoute.tsx": {"path":"D:\\data\\code\\privacy-policy-compliance-assistant\\frontend\\src\\components\\layout\\ProtectedRoute.tsx","statementMap":{"0":{"start":{"line":14,"column":16},"end":{"line":14,"column":52}},"1":{"start":{"line":15,"column":2},"end":{"line":15,"column":null}},"2":{"start":{"line":15,"column":14},"end":{"line":15,"column":null}},"3":{"start":{"line":16,"column":2},"end":{"line":16,"column":null}}},"fnMap":{"0":{"name":"ProtectedRoute","decl":{"start":{"line":13,"column":16},"end":{"line":13,"column":31}},"loc":{"start":{"line":13,"column":66},"end":{"line":16,"column":null}},"line":13}},"branchMap":{"0":{"loc":{"start":{"line":15,"column":2},"end":{"line":15,"column":null}},"type":"if","locations":[{"start":{"line":15,"column":2},"end":{"line":15,"column":null}},{"start":{},"end":{}}],"line":15}},"s":{"0":2,"1":2,"2":1,"3":1},"f":{"0":2},"b":{"0":[1,1]},"meta":{"lastBranch":1,"lastFunction":1,"lastStatement":4,"seen":{"f:13:16:13:31":0,"s:14:16:14:52":0,"b:15:2:15:Infinity:undefined:undefined:undefined:undefined":0,"s:15:2:15:Infinity":1,"s:15:14:15:Infinity":2,"s:16:2:16:Infinity":3}}}
,"D:\\data\\code\\privacy-policy-compliance-assistant\\frontend\\src\\components\\ui\\button.tsx": {"path":"D:\\data\\code\\privacy-policy-compliance-assistant\\frontend\\src\\components\\ui\\button.tsx","statementMap":{"0":{"start":{"line":7,"column":6},"end":{"line":38,"column":null}},"1":{"start":{"line":51,"column":15},"end":{"line":51,"column":null}},"2":{"start":{"line":53,"column":2},"end":{"line":60,"column":null}}},"fnMap":{"0":{"name":"Button","decl":{"start":{"line":41,"column":9},"end":{"line":41,"column":16}},"loc":{"start":{"line":50,"column":5},"end":{"line":60,"column":null}},"line":50}},"branchMap":{"0":{"loc":{"start":{"line":43,"column":2},"end":{"line":43,"column":null}},"type":"default-arg","locations":[{"start":{"line":43,"column":12},"end":{"line":43,"column":null}}],"line":43},"1":{"loc":{"start":{"line":44,"column":2},"end":{"line":44,"column":null}},"type":"default-arg","locations":[{"start":{"line":44,"column":9},"end":{"line":44,"column":null}}],"line":44},"2":{"loc":{"start":{"line":45,"column":2},"end":{"line":45,"column":null}},"type":"default-arg","locations":[{"start":{"line":45,"column":12},"end":{"line":45,"column":null}}],"line":45},"3":{"loc":{"start":{"line":51,"column":15},"end":{"line":51,"column":null}},"type":"cond-expr","locations":[{"start":{"line":51,"column":25},"end":{"line":51,"column":37}},{"start":{"line":51,"column":37},"end":{"line":51,"column":null}}],"line":51}},"s":{"0":1,"1":4,"2":4},"f":{"0":4},"b":{"0":[4],"1":[4],"2":[4],"3":[0,4]},"meta":{"lastBranch":4,"lastFunction":1,"lastStatement":3,"seen":{"s:7:6:38:Infinity":0,"f:41:9:41:16":0,"b:43:12:43:Infinity":0,"b:44:9:44:Infinity":1,"b:45:12:45:Infinity":2,"s:51:15:51:Infinity":1,"b:51:25:51:37:51:37:51:Infinity":3,"s:53:2:60:Infinity":2}}}
,"D:\\data\\code\\privacy-policy-compliance-assistant\\frontend\\src\\components\\ui\\collapsible.tsx": {"path":"D:\\data\\code\\privacy-policy-compliance-assistant\\frontend\\src\\components\\ui\\collapsible.tsx","statementMap":{"0":{"start":{"line":6,"column":2},"end":{"line":6,"column":null}},"1":{"start":{"line":12,"column":2},"end":{"line":16,"column":null}},"2":{"start":{"line":23,"column":2},"end":{"line":27,"column":null}}},"fnMap":{"0":{"name":"Collapsible","decl":{"start":{"line":3,"column":9},"end":{"line":3,"column":21}},"loc":{"start":{"line":5,"column":59},"end":{"line":6,"column":null}},"line":5},"1":{"name":"CollapsibleTrigger","decl":{"start":{"line":9,"column":9},"end":{"line":9,"column":28}},"loc":{"start":{"line":11,"column":73},"end":{"line":16,"column":null}},"line":11},"2":{"name":"CollapsibleContent","decl":{"start":{"line":20,"column":9},"end":{"line":20,"column":28}},"loc":{"start":{"line":22,"column":73},"end":{"line":27,"column":null}},"line":22}},"branchMap":{},"s":{"0":6,"1":6,"2":6},"f":{"0":6,"1":6,"2":6},"b":{},"meta":{"lastBranch":0,"lastFunction":3,"lastStatement":3,"seen":{"f:3:9:3:21":0,"s:6:2:6:Infinity":0,"f:9:9:9:28":1,"s:12:2:16:Infinity":1,"f:20:9:20:28":2,"s:23:2:27:Infinity":2}}}
,"D:\\data\\code\\privacy-policy-compliance-assistant\\frontend\\src\\components\\ui\\input.tsx": {"path":"D:\\data\\code\\privacy-policy-compliance-assistant\\frontend\\src\\components\\ui\\input.tsx","statementMap":{"0":{"start":{"line":6,"column":2},"end":{"line":17,"column":null}}},"fnMap":{"0":{"name":"Input","decl":{"start":{"line":5,"column":9},"end":{"line":5,"column":15}},"loc":{"start":{"line":5,"column":77},"end":{"line":17,"column":null}},"line":5}},"branchMap":{},"s":{"0":2},"f":{"0":2},"b":{},"meta":{"lastBranch":0,"lastFunction":1,"lastStatement":1,"seen":{"f:5:9:5:15":0,"s:6:2:17:Infinity":0}}}
,"D:\\data\\code\\privacy-policy-compliance-assistant\\frontend\\src\\hooks\\useAuth.ts": {"path":"D:\\data\\code\\privacy-policy-compliance-assistant\\frontend\\src\\hooks\\useAuth.ts","statementMap":{"0":{"start":{"line":14,"column":8},"end":{"line":14,"column":32}},"1":{"start":{"line":16,"column":16},"end":{"line":23,"column":null}},"2":{"start":{"line":17,"column":17},"end":{"line":17,"column":51}},"3":{"start":{"line":18,"column":4},"end":{"line":19,"column":null}},"4":{"start":{"line":19,"column":6},"end":{"line":19,"column":null}},"5":{"start":{"line":21,"column":44},"end":{"line":21,"column":61}},"6":{"start":{"line":22,"column":4},"end":{"line":22,"column":null}},"7":{"start":{"line":23,"column":4},"end":{"line":23,"column":null}},"8":{"start":{"line":26,"column":17},"end":{"line":33,"column":null}},"9":{"start":{"line":27,"column":24},"end":{"line":27,"column":42}},"10":{"start":{"line":28,"column":4},"end":{"line":30,"column":null}},"11":{"start":{"line":30,"column":6},"end":{"line":30,"column":null}},"12":{"start":{"line":32,"column":4},"end":{"line":32,"column":null}},"13":{"start":{"line":33,"column":4},"end":{"line":33,"column":null}},"14":{"start":{"line":40,"column":8},"end":{"line":42,"column":null}},"15":{"start":{"line":41,"column":4},"end":{"line":41,"column":null}},"16":{"start":{"line":42,"column":4},"end":{"line":42,"column":null}},"17":{"start":{"line":45,"column":2},"end":{"line":45,"column":null}}},"fnMap":{"0":{"name":"useAuth","decl":{"start":{"line":13,"column":16},"end":{"line":13,"column":26}},"loc":{"start":{"line":13,"column":26},"end":{"line":45,"column":null}},"line":13},"1":{"name":"(anonymous_1)","decl":{"start":{"line":16,"column":16},"end":{"line":16,"column":23}},"loc":{"start":{"line":16,"column":77},"end":{"line":23,"column":null}},"line":16},"2":{"name":"(anonymous_2)","decl":{"start":{"line":26,"column":17},"end":{"line":26,"column":44}},"loc":{"start":{"line":26,"column":44},"end":{"line":33,"column":null}},"line":26},"3":{"name":"(anonymous_3)","decl":{"start":{"line":30,"column":29},"end":{"line":30,"column":41}},"loc":{"start":{"line":30,"column":41},"end":{"line":30,"column":44}},"line":30},"4":{"name":"(anonymous_4)","decl":{"start":{"line":40,"column":8},"end":{"line":40,"column":34}},"loc":{"start":{"line":40,"column":34},"end":{"line":42,"column":null}},"line":40}},"branchMap":{"0":{"loc":{"start":{"line":18,"column":4},"end":{"line":19,"column":null}},"type":"if","locations":[{"start":{"line":18,"column":4},"end":{"line":19,"column":null}},{"start":{},"end":{}}],"line":18},"1":{"loc":{"start":{"line":28,"column":4},"end":{"line":30,"column":null}},"type":"if","locations":[{"start":{"line":28,"column":4},"end":{"line":30,"column":null}},{"start":{},"end":{}}],"line":28}},"s":{"0":9,"1":9,"2":2,"3":2,"4":1,"5":1,"6":1,"7":1,"8":9,"9":2,"10":2,"11":2,"12":2,"13":2,"14":9,"15":1,"16":1,"17":9},"f":{"0":9,"1":2,"2":2,"3":0,"4":1},"b":{"0":[1,1],"1":[2,0]},"meta":{"lastBranch":2,"lastFunction":5,"lastStatement":18,"seen":{"f:13:16:13:26":0,"s:14:8:14:32":0,"s:16:16:23:Infinity":1,"f:16:16:16:23":1,"s:17:17:17:51":2,"b:18:4:19:Infinity:undefined:undefined:undefined:undefined":0,"s:18:4:19:Infinity":3,"s:19:6:19:Infinity":4,"s:21:44:21:61":5,"s:22:4:22:Infinity":6,"s:23:4:23:Infinity":7,"s:26:17:33:Infinity":8,"f:26:17:26:44":2,"s:27:24:27:42":9,"b:28:4:30:Infinity:undefined:undefined:undefined:undefined":1,"s:28:4:30:Infinity":10,"s:30:6:30:Infinity":11,"f:30:29:30:41":3,"s:32:4:32:Infinity":12,"s:33:4:33:Infinity":13,"s:40:8:42:Infinity":14,"f:40:8:40:34":4,"s:41:4:41:Infinity":15,"s:42:4:42:Infinity":16,"s:45:2:45:Infinity":17}}}
,"D:\\data\\code\\privacy-policy-compliance-assistant\\frontend\\src\\hooks\\useSSEChat.ts": {"path":"D:\\data\\code\\privacy-policy-compliance-assistant\\frontend\\src\\hooks\\useSSEChat.ts","statementMap":{"0":{"start":{"line":33,"column":17},"end":{"line":33,"column":43}},"1":{"start":{"line":34,"column":18},"end":{"line":34,"column":35}},"2":{"start":{"line":35,"column":15},"end":{"line":35,"column":null}},"3":{"start":{"line":37,"column":2},"end":{"line":50,"column":null}},"4":{"start":{"line":38,"column":28},"end":{"line":38,"column":47}},"5":{"start":{"line":39,"column":4},"end":{"line":39,"column":null}},"6":{"start":{"line":39,"column":14},"end":{"line":39,"column":null}},"7":{"start":{"line":40,"column":4},"end":{"line":40,"column":null}},"8":{"start":{"line":43,"column":19},"end":{"line":43,"column":39}},"9":{"start":{"line":44,"column":4},"end":{"line":44,"column":null}},"10":{"start":{"line":46,"column":4},"end":{"line":50,"column":null}},"11":{"start":{"line":47,"column":6},"end":{"line":50,"column":null}},"12":{"start":{"line":48,"column":8},"end":{"line":50,"column":null}},"13":{"start":{"line":49,"column":23},"end":{"line":49,"column":43}},"14":{"start":{"line":50,"column":10},"end":{"line":50,"column":null}},"15":{"start":{"line":50,"column":20},"end":{"line":50,"column":null}},"16":{"start":{"line":65,"column":19},"end":{"line":65,"column":57}},"17":{"start":{"line":66,"column":22},"end":{"line":66,"column":55}},"18":{"start":{"line":68,"column":8},"end":{"line":173,"column":null}},"19":{"start":{"line":70,"column":6},"end":{"line":70,"column":null}},"20":{"start":{"line":70,"column":23},"end":{"line":70,"column":null}},"21":{"start":{"line":74,"column":22},"end":{"line":77,"column":9}},"22":{"start":{"line":74,"column":43},"end":{"line":77,"column":9}},"23":{"start":{"line":80,"column":35},"end":{"line":80,"column":null}},"24":{"start":{"line":82,"column":44},"end":{"line":86,"column":null}},"25":{"start":{"line":88,"column":6},"end":{"line":88,"column":null}},"26":{"start":{"line":88,"column":28},"end":{"line":88,"column":73}},"27":{"start":{"line":89,"column":6},"end":{"line":89,"column":null}},"28":{"start":{"line":91,"column":6},"end":{"line":170,"column":null}},"29":{"start":{"line":92,"column":25},"end":{"line":99,"column":null}},"30":{"start":{"line":102,"column":8},"end":{"line":104,"column":null}},"31":{"start":{"line":104,"column":10},"end":{"line":104,"column":null}},"32":{"start":{"line":107,"column":8},"end":{"line":152,"column":null}},"33":{"start":{"line":108,"column":21},"end":{"line":108,"column":null}},"34":{"start":{"line":116,"column":10},"end":{"line":152,"column":null}},"35":{"start":{"line":117,"column":12},"end":{"line":125,"column":null}},"36":{"start":{"line":118,"column":30},"end":{"line":118,"column":39}},"37":{"start":{"line":119,"column":27},"end":{"line":119,"column":null}},"38":{"start":{"line":120,"column":14},"end":{"line":123,"column":null}},"39":{"start":{"line":124,"column":14},"end":{"line":124,"column":null}},"40":{"start":{"line":126,"column":21},"end":{"line":152,"column":null}},"41":{"start":{"line":127,"column":30},"end":{"line":127,"column":48}},"42":{"start":{"line":128,"column":30},"end":{"line":128,"column":null}},"43":{"start":{"line":129,"column":12},"end":{"line":138,"column":null}},"44":{"start":{"line":130,"column":30},"end":{"line":130,"column":39}},"45":{"start":{"line":131,"column":14},"end":{"line":136,"column":null}},"46":{"start":{"line":137,"column":14},"end":{"line":137,"column":null}},"47":{"start":{"line":139,"column":12},"end":{"line":139,"column":null}},"48":{"start":{"line":140,"column":21},"end":{"line":152,"column":null}},"49":{"start":{"line":142,"column":12},"end":{"line":151,"column":null}},"50":{"start":{"line":143,"column":30},"end":{"line":143,"column":39}},"51":{"start":{"line":144,"column":14},"end":{"line":149,"column":null}},"52":{"start":{"line":150,"column":14},"end":{"line":150,"column":null}},"53":{"start":{"line":152,"column":12},"end":{"line":152,"column":null}},"54":{"start":{"line":157,"column":8},"end":{"line":169,"column":null}},"55":{"start":{"line":158,"column":26},"end":{"line":158,"column":35}},"56":{"start":{"line":159,"column":23},"end":{"line":159,"column":null}},"57":{"start":{"line":160,"column":10},"end":{"line":166,"column":null}},"58":{"start":{"line":161,"column":12},"end":{"line":166,"column":null}},"59":{"start":{"line":168,"column":10},"end":{"line":168,"column":null}},"60":{"start":{"line":170,"column":8},"end":{"line":170,"column":null}},"61":{"start":{"line":176,"column":2},"end":{"line":176,"column":null}}},"fnMap":{"0":{"name":"parseSSEStream","decl":{"start":{"line":30,"column":16},"end":{"line":30,"column":null}},"loc":{"start":{"line":32,"column":43},"end":{"line":50,"column":null}},"line":32},"1":{"name":"useSSEChat","decl":{"start":{"line":64,"column":16},"end":{"line":64,"column":47}},"loc":{"start":{"line":64,"column":47},"end":{"line":176,"column":null}},"line":64},"2":{"name":"(anonymous_2)","decl":{"start":{"line":69,"column":4},"end":{"line":69,"column":11}},"loc":{"start":{"line":69,"column":74},"end":{"line":173,"column":5}},"line":69},"3":{"name":"(anonymous_3)","decl":{"start":{"line":74,"column":31},"end":{"line":74,"column":36}},"loc":{"start":{"line":74,"column":43},"end":{"line":77,"column":9}},"line":74},"4":{"name":"(anonymous_4)","decl":{"start":{"line":88,"column":6},"end":{"line":88,"column":19}},"loc":{"start":{"line":88,"column":28},"end":{"line":88,"column":73}},"line":88},"5":{"name":"(anonymous_5)","decl":{"start":{"line":117,"column":12},"end":{"line":117,"column":25}},"loc":{"start":{"line":117,"column":34},"end":{"line":125,"column":null}},"line":117},"6":{"name":"(anonymous_6)","decl":{"start":{"line":129,"column":12},"end":{"line":129,"column":25}},"loc":{"start":{"line":129,"column":34},"end":{"line":138,"column":null}},"line":129},"7":{"name":"(anonymous_7)","decl":{"start":{"line":142,"column":12},"end":{"line":142,"column":25}},"loc":{"start":{"line":142,"column":34},"end":{"line":151,"column":null}},"line":142},"8":{"name":"(anonymous_8)","decl":{"start":{"line":157,"column":8},"end":{"line":157,"column":21}},"loc":{"start":{"line":157,"column":30},"end":{"line":169,"column":null}},"line":157}},"branchMap":{"0":{"loc":{"start":{"line":39,"column":4},"end":{"line":39,"column":null}},"type":"if","locations":[{"start":{"line":39,"column":4},"end":{"line":39,"column":null}},{"start":{},"end":{}}],"line":39},"1":{"loc":{"start":{"line":44,"column":13},"end":{"line":44,"column":null}},"type":"binary-expr","locations":[{"start":{"line":44,"column":13},"end":{"line":44,"column":25}},{"start":{"line":44,"column":29},"end":{"line":44,"column":null}}],"line":44},"2":{"loc":{"start":{"line":48,"column":8},"end":{"line":50,"column":null}},"type":"if","locations":[{"start":{"line":48,"column":8},"end":{"line":50,"column":null}},{"start":{},"end":{}}],"line":48},"3":{"loc":{"start":{"line":50,"column":10},"end":{"line":50,"column":null}},"type":"if","locations":[{"start":{"line":50,"column":10},"end":{"line":50,"column":null}},{"start":{},"end":{}}],"line":50},"4":{"loc":{"start":{"line":70,"column":6},"end":{"line":70,"column":null}},"type":"if","locations":[{"start":{"line":70,"column":6},"end":{"line":70,"column":null}},{"start":{},"end":{}}],"line":70},"5":{"loc":{"start":{"line":102,"column":8},"end":{"line":104,"column":null}},"type":"if","locations":[{"start":{"line":102,"column":8},"end":{"line":104,"column":null}},{"start":{},"end":{}}],"line":102},"6":{"loc":{"start":{"line":116,"column":10},"end":{"line":152,"column":null}},"type":"if","locations":[{"start":{"line":116,"column":10},"end":{"line":152,"column":null}},{"start":{"line":126,"column":21},"end":{"line":152,"column":null}}],"line":116},"7":{"loc":{"start":{"line":116,"column":14},"end":{"line":116,"column":63}},"type":"binary-expr","locations":[{"start":{"line":116,"column":14},"end":{"line":116,"column":37}},{"start":{"line":116,"column":37},"end":{"line":116,"column":63}}],"line":116},"8":{"loc":{"start":{"line":126,"column":21},"end":{"line":152,"column":null}},"type":"if","locations":[{"start":{"line":126,"column":21},"end":{"line":152,"column":null}},{"start":{"line":140,"column":21},"end":{"line":152,"column":null}}],"line":126},"9":{"loc":{"start":{"line":127,"column":30},"end":{"line":127,"column":48}},"type":"binary-expr","locations":[{"start":{"line":127,"column":30},"end":{"line":127,"column":46}},{"start":{"line":127,"column":46},"end":{"line":127,"column":48}}],"line":127},"10":{"loc":{"start":{"line":133,"column":25},"end":{"line":133,"column":null}},"type":"binary-expr","locations":[{"start":{"line":133,"column":25},"end":{"line":133,"column":38}},{"start":{"line":133,"column":38},"end":{"line":133,"column":null}}],"line":133},"11":{"loc":{"start":{"line":140,"column":21},"end":{"line":152,"column":null}},"type":"if","locations":[{"start":{"line":140,"column":21},"end":{"line":152,"column":null}},{"start":{},"end":{}}],"line":140},"12":{"loc":{"start":{"line":160,"column":10},"end":{"line":166,"column":null}},"type":"if","locations":[{"start":{"line":160,"column":10},"end":{"line":166,"column":null}},{"start":{},"end":{}}],"line":160},"13":{"loc":{"start":{"line":160,"column":14},"end":{"line":160,"column":58}},"type":"binary-expr","locations":[{"start":{"line":160,"column":14},"end":{"line":160,"column":43}},{"start":{"line":160,"column":43},"end":{"line":160,"column":58}}],"line":160}},"s":{"0":4,"1":4,"2":4,"3":4,"4":8,"5":8,"6":4,"7":4,"8":4,"9":4,"10":8,"11":7,"12":7,"13":7,"14":7,"15":7,"16":9,"17":9,"18":9,"19":4,"20":0,"21":4,"22":0,"23":4,"24":4,"25":4,"26":4,"27":4,"28":4,"29":4,"30":4,"31":0,"32":4,"33":7,"34":7,"35":3,"36":3,"37":3,"38":3,"39":3,"40":4,"41":4,"42":4,"43":4,"44":4,"45":4,"46":4,"47":4,"48":0,"49":0,"50":0,"51":0,"52":0,"53":0,"54":0,"55":0,"56":0,"57":0,"58":0,"59":0,"60":0,"61":9},"f":{"0":4,"1":9,"2":4,"3":0,"4":4,"5":3,"6":4,"7":0,"8":0},"b":{"0":[4,4],"1":[4,0],"2":[7,0],"3":[7,0],"4":[0,4],"5":[0,4],"6":[3,4],"7":[7,3],"8":[4,0],"9":[4,0],"10":[4,0],"11":[0,0],"12":[0,0],"13":[0,0]},"meta":{"lastBranch":14,"lastFunction":9,"lastStatement":62,"seen":{"f:30:16:30:Infinity":0,"s:33:17:33:43":0,"s:34:18:34:35":1,"s:35:15:35:Infinity":2,"s:37:2:50:Infinity":3,"s:38:28:38:47":4,"b:39:4:39:Infinity:undefined:undefined:undefined:undefined":0,"s:39:4:39:Infinity":5,"s:39:14:39:Infinity":6,"s:40:4:40:Infinity":7,"s:43:19:43:39":8,"s:44:4:44:Infinity":9,"b:44:13:44:25:44:29:44:Infinity":1,"s:46:4:50:Infinity":10,"s:47:6:50:Infinity":11,"b:48:8:50:Infinity:undefined:undefined:undefined:undefined":2,"s:48:8:50:Infinity":12,"s:49:23:49:43":13,"b:50:10:50:Infinity:undefined:undefined:undefined:undefined":3,"s:50:10:50:Infinity":14,"s:50:20:50:Infinity":15,"f:64:16:64:47":1,"s:65:19:65:57":16,"s:66:22:66:55":17,"s:68:8:173:Infinity":18,"f:69:4:69:11":2,"b:70:6:70:Infinity:undefined:undefined:undefined:undefined":4,"s:70:6:70:Infinity":19,"s:70:23:70:Infinity":20,"s:74:22:77:9":21,"f:74:31:74:36":3,"s:74:43:77:9":22,"s:80:35:80:Infinity":23,"s:82:44:86:Infinity":24,"s:88:6:88:Infinity":25,"f:88:6:88:19":4,"s:88:28:88:73":26,"s:89:6:89:Infinity":27,"s:91:6:170:Infinity":28,"s:92:25:99:Infinity":29,"b:102:8:104:Infinity:undefined:undefined:undefined:undefined":5,"s:102:8:104:Infinity":30,"s:104:10:104:Infinity":31,"s:107:8:152:Infinity":32,"s:108:21:108:Infinity":33,"b:116:10:152:Infinity:126:21:152:Infinity":6,"s:116:10:152:Infinity":34,"b:116:14:116:37:116:37:116:63":7,"s:117:12:125:Infinity":35,"f:117:12:117:25":5,"s:118:30:118:39":36,"s:119:27:119:Infinity":37,"s:120:14:123:Infinity":38,"s:124:14:124:Infinity":39,"b:126:21:152:Infinity:140:21:152:Infinity":8,"s:126:21:152:Infinity":40,"s:127:30:127:48":41,"b:127:30:127:46:127:46:127:48":9,"s:128:30:128:Infinity":42,"s:129:12:138:Infinity":43,"f:129:12:129:25":6,"s:130:30:130:39":44,"s:131:14:136:Infinity":45,"b:133:25:133:38:133:38:133:Infinity":10,"s:137:14:137:Infinity":46,"s:139:12:139:Infinity":47,"b:140:21:152:Infinity:undefined:undefined:undefined:undefined":11,"s:140:21:152:Infinity":48,"s:142:12:151:Infinity":49,"f:142:12:142:25":7,"s:143:30:143:39":50,"s:144:14:149:Infinity":51,"s:150:14:150:Infinity":52,"s:152:12:152:Infinity":53,"s:157:8:169:Infinity":54,"f:157:8:157:21":8,"s:158:26:158:35":55,"s:159:23:159:Infinity":56,"b:160:10:166:Infinity:undefined:undefined:undefined:undefined":12,"s:160:10:166:Infinity":57,"b:160:14:160:43:160:43:160:58":13,"s:161:12:166:Infinity":58,"s:168:10:168:Infinity":59,"s:170:8:170:Infinity":60,"s:176:2:176:Infinity":61}}}
,"D:\\data\\code\\privacy-policy-compliance-assistant\\frontend\\src\\lib\\api.ts": {"path":"D:\\data\\code\\privacy-policy-compliance-assistant\\frontend\\src\\lib\\api.ts","statementMap":{"0":{"start":{"line":6,"column":19},"end":{"line":6,"column":null}},"1":{"start":{"line":21,"column":19},"end":{"line":27,"column":4}},"2":{"start":{"line":29,"column":2},"end":{"line":29,"column":null}},"3":{"start":{"line":29,"column":31},"end":{"line":29,"column":null}},"4":{"start":{"line":31,"column":2},"end":{"line":33,"column":null}},"5":{"start":{"line":32,"column":4},"end":{"line":32,"column":null}},"6":{"start":{"line":33,"column":4},"end":{"line":33,"column":null}},"7":{"start":{"line":36,"column":2},"end":{"line":36,"column":null}},"8":{"start":{"line":37,"column":2},"end":{"line":51,"column":null}},"9":{"start":{"line":38,"column":25},"end":{"line":38,"column":44}},"10":{"start":{"line":39,"column":24},"end":{"line":43,"column":6}},"11":{"start":{"line":44,"column":4},"end":{"line":46,"column":null}},"12":{"start":{"line":45,"column":6},"end":{"line":45,"column":null}},"13":{"start":{"line":46,"column":6},"end":{"line":46,"column":null}},"14":{"start":{"line":48,"column":29},"end":{"line":48,"column":53}},"15":{"start":{"line":49,"column":4},"end":{"line":49,"column":null}},"16":{"start":{"line":51,"column":4},"end":{"line":51,"column":null}},"17":{"start":{"line":55,"column":2},"end":{"line":61,"column":null}},"18":{"start":{"line":70,"column":2},"end":{"line":74,"column":null}},"19":{"start":{"line":78,"column":2},"end":{"line":82,"column":null}},"20":{"start":{"line":88,"column":2},"end":{"line":91,"column":null}}},"fnMap":{"0":{"name":"fetchWithAuth","decl":{"start":{"line":16,"column":22},"end":{"line":16,"column":null}},"loc":{"start":{"line":20,"column":21},"end":{"line":61,"column":null}},"line":20},"1":{"name":"apiLogin","decl":{"start":{"line":66,"column":22},"end":{"line":66,"column":null}},"loc":{"start":{"line":69,"column":21},"end":{"line":74,"column":null}},"line":69},"2":{"name":"apiRefresh","decl":{"start":{"line":77,"column":22},"end":{"line":77,"column":33}},"loc":{"start":{"line":77,"column":74},"end":{"line":82,"column":null}},"line":77},"3":{"name":"apiLogout","decl":{"start":{"line":85,"column":22},"end":{"line":85,"column":32}},"loc":{"start":{"line":85,"column":72},"end":{"line":91,"column":null}},"line":85}},"branchMap":{"0":{"loc":{"start":{"line":29,"column":2},"end":{"line":29,"column":null}},"type":"if","locations":[{"start":{"line":29,"column":2},"end":{"line":29,"column":null}},{"start":{},"end":{}}],"line":29},"1":{"loc":{"start":{"line":31,"column":2},"end":{"line":33,"column":null}},"type":"if","locations":[{"start":{"line":31,"column":2},"end":{"line":33,"column":null}},{"start":{},"end":{}}],"line":31},"2":{"loc":{"start":{"line":44,"column":4},"end":{"line":46,"column":null}},"type":"if","locations":[{"start":{"line":44,"column":4},"end":{"line":46,"column":null}},{"start":{},"end":{}}],"line":44}},"s":{"0":2,"1":4,"2":4,"3":4,"4":0,"5":0,"6":0,"7":0,"8":0,"9":0,"10":0,"11":0,"12":0,"13":0,"14":0,"15":0,"16":0,"17":0,"18":2,"19":0,"20":2},"f":{"0":4,"1":2,"2":0,"3":2},"b":{"0":[4,0],"1":[0,0],"2":[0,0]},"meta":{"lastBranch":3,"lastFunction":4,"lastStatement":21,"seen":{"s:6:19:6:Infinity":0,"f:16:22:16:Infinity":0,"s:21:19:27:4":1,"b:29:2:29:Infinity:undefined:undefined:undefined:undefined":0,"s:29:2:29:Infinity":2,"s:29:31:29:Infinity":3,"b:31:2:33:Infinity:undefined:undefined:undefined:undefined":1,"s:31:2:33:Infinity":4,"s:32:4:32:Infinity":5,"s:33:4:33:Infinity":6,"s:36:2:36:Infinity":7,"s:37:2:51:Infinity":8,"s:38:25:38:44":9,"s:39:24:43:6":10,"b:44:4:46:Infinity:undefined:undefined:undefined:undefined":2,"s:44:4:46:Infinity":11,"s:45:6:45:Infinity":12,"s:46:6:46:Infinity":13,"s:48:29:48:53":14,"s:49:4:49:Infinity":15,"s:51:4:51:Infinity":16,"s:55:2:61:Infinity":17,"f:66:22:66:Infinity":1,"s:70:2:74:Infinity":18,"f:77:22:77:33":2,"s:78:2:82:Infinity":19,"f:85:22:85:32":3,"s:88:2:91:Infinity":20}}}
,"D:\\data\\code\\privacy-policy-compliance-assistant\\frontend\\src\\lib\\tokens.ts": {"path":"D:\\data\\code\\privacy-policy-compliance-assistant\\frontend\\src\\lib\\tokens.ts","statementMap":{"0":{"start":{"line":4,"column":22},"end":{"line":18,"column":null}},"1":{"start":{"line":5,"column":34},"end":{"line":5,"column":70}},"2":{"start":{"line":6,"column":35},"end":{"line":6,"column":72}},"3":{"start":{"line":8,"column":4},"end":{"line":8,"column":null}},"4":{"start":{"line":11,"column":4},"end":{"line":11,"column":null}},"5":{"start":{"line":12,"column":4},"end":{"line":12,"column":null}},"6":{"start":{"line":15,"column":4},"end":{"line":15,"column":null}},"7":{"start":{"line":16,"column":4},"end":{"line":16,"column":null}}},"fnMap":{"0":{"name":"(anonymous_0)","decl":{"start":{"line":5,"column":2},"end":{"line":5,"column":34}},"loc":{"start":{"line":5,"column":34},"end":{"line":5,"column":70}},"line":5},"1":{"name":"(anonymous_1)","decl":{"start":{"line":6,"column":2},"end":{"line":6,"column":35}},"loc":{"start":{"line":6,"column":35},"end":{"line":6,"column":72}},"line":6},"2":{"name":"(anonymous_2)","decl":{"start":{"line":7,"column":2},"end":{"line":7,"column":14}},"loc":{"start":{"line":7,"column":34},"end":{"line":8,"column":null}},"line":7},"3":{"name":"(anonymous_3)","decl":{"start":{"line":10,"column":2},"end":{"line":10,"column":12}},"loc":{"start":{"line":10,"column":54},"end":{"line":12,"column":null}},"line":10},"4":{"name":"(anonymous_4)","decl":{"start":{"line":14,"column":2},"end":{"line":14,"column":24}},"loc":{"start":{"line":14,"column":24},"end":{"line":16,"column":null}},"line":14}},"branchMap":{},"s":{"0":2,"1":6,"2":0,"3":0,"4":1,"5":1,"6":3,"7":3},"f":{"0":6,"1":0,"2":0,"3":1,"4":3},"b":{},"meta":{"lastBranch":0,"lastFunction":5,"lastStatement":8,"seen":{"s:4:22:18:Infinity":0,"f:5:2:5:34":0,"s:5:34:5:70":1,"f:6:2:6:35":1,"s:6:35:6:72":2,"f:7:2:7:14":2,"s:8:4:8:Infinity":3,"f:10:2:10:12":3,"s:11:4:11:Infinity":4,"s:12:4:12:Infinity":5,"f:14:2:14:24":4,"s:15:4:15:Infinity":6,"s:16:4:16:Infinity":7}}}
,"D:\\data\\code\\privacy-policy-compliance-assistant\\frontend\\src\\lib\\utils.ts": {"path":"D:\\data\\code\\privacy-policy-compliance-assistant\\frontend\\src\\lib\\utils.ts","statementMap":{"0":{"start":{"line":5,"column":2},"end":{"line":5,"column":null}}},"fnMap":{"0":{"name":"cn","decl":{"start":{"line":4,"column":16},"end":{"line":4,"column":19}},"loc":{"start":{"line":4,"column":44},"end":{"line":5,"column":null}},"line":4}},"branchMap":{},"s":{"0":18},"f":{"0":18},"b":{},"meta":{"lastBranch":0,"lastFunction":1,"lastStatement":1,"seen":{"f:4:16:4:19":0,"s:5:2:5:Infinity":0}}}
,"D:\\data\\code\\privacy-policy-compliance-assistant\\frontend\\src\\pages\\ChatPage.tsx": {"path":"D:\\data\\code\\privacy-policy-compliance-assistant\\frontend\\src\\pages\\ChatPage.tsx","statementMap":{"0":{"start":{"line":14,"column":18},"end":{"line":14,"column":43}},"1":{"start":{"line":15,"column":33},"end":{"line":15,"column":56}},"2":{"start":{"line":17,"column":8},"end":{"line":18,"column":null}},"3":{"start":{"line":18,"column":4},"end":{"line":18,"column":null}},"4":{"start":{"line":21,"column":2},"end":{"line":25,"column":null}}},"fnMap":{"0":{"name":"ChatPage","decl":{"start":{"line":13,"column":16},"end":{"line":13,"column":27}},"loc":{"start":{"line":13,"column":27},"end":{"line":25,"column":null}},"line":13},"1":{"name":"(anonymous_1)","decl":{"start":{"line":17,"column":8},"end":{"line":17,"column":24}},"loc":{"start":{"line":17,"column":44},"end":{"line":18,"column":null}},"line":17}},"branchMap":{},"s":{"0":2,"1":2,"2":2,"3":0,"4":2},"f":{"0":2,"1":0},"b":{},"meta":{"lastBranch":0,"lastFunction":2,"lastStatement":5,"seen":{"f:13:16:13:27":0,"s:14:18:14:43":0,"s:15:33:15:56":1,"s:17:8:18:Infinity":2,"f:17:8:17:24":1,"s:18:4:18:Infinity":3,"s:21:2:25:Infinity":4}}}
}
